INFO [2025-01-30 10:55:37] $x
INFO [2025-01-30 10:55:37] list(`Bacteria Added` = asv_list[["PB"]], `Killed-Bacteria Added` = asv_list[["KPB"]])
INFO [2025-01-30 10:55:37] 
INFO [2025-01-30 10:55:37] $category.names
INFO [2025-01-30 10:55:37] c("Bacteria Added", "Killed-Bacteria Added")
INFO [2025-01-30 10:55:37] 
INFO [2025-01-30 10:55:37] $fill
INFO [2025-01-30 10:55:37] mycols
INFO [2025-01-30 10:55:37] 
INFO [2025-01-30 10:55:37] $alpha
INFO [2025-01-30 10:55:37] [1] 0.5
INFO [2025-01-30 10:55:37] 
INFO [2025-01-30 10:55:37] $cat.col
INFO [2025-01-30 10:55:37] mycols
INFO [2025-01-30 10:55:37] 
INFO [2025-01-30 10:55:37] $cat.cex
INFO [2025-01-30 10:55:37] [1] 1.5
INFO [2025-01-30 10:55:37] 
INFO [2025-01-30 10:55:37] $cat.fontface
INFO [2025-01-30 10:55:37] [1] "bold"
INFO [2025-01-30 10:55:37] 
INFO [2025-01-30 10:55:37] $cex
INFO [2025-01-30 10:55:37] [1] 1.5
INFO [2025-01-30 10:55:37] 
INFO [2025-01-30 10:55:37] $fontface
INFO [2025-01-30 10:55:37] [1] "bold"
INFO [2025-01-30 10:55:37] 
INFO [2025-01-30 10:55:37] $lwd
INFO [2025-01-30 10:55:37] [1] 2
INFO [2025-01-30 10:55:37] 
INFO [2025-01-30 10:55:37] $main
INFO [2025-01-30 10:55:37] [1] "Venn Diagram of ASVs"
INFO [2025-01-30 10:55:37] 
INFO [2025-01-30 10:55:37] $main.cex
INFO [2025-01-30 10:55:37] [1] 2
INFO [2025-01-30 10:55:37] 
INFO [2025-01-30 10:55:37] $filename
INFO [2025-01-30 10:55:37] NULL
INFO [2025-01-30 10:55:37] 
