INFO [2025-01-30 10:55:44] $x
INFO [2025-01-30 10:55:44] list(`Bacteria Added` = asv_list[["PB"]], `Killed-Bacteria Added` = asv_list[["KPB"]])
INFO [2025-01-30 10:55:44] 
INFO [2025-01-30 10:55:44] $category.names
INFO [2025-01-30 10:55:44] c("Bacteria Added", "Killed-Bacteria Added")
INFO [2025-01-30 10:55:44] 
INFO [2025-01-30 10:55:44] $fill
INFO [2025-01-30 10:55:44] mycols
INFO [2025-01-30 10:55:44] 
INFO [2025-01-30 10:55:44] $alpha
INFO [2025-01-30 10:55:44] [1] 0.5
INFO [2025-01-30 10:55:44] 
INFO [2025-01-30 10:55:44] $cat.col
INFO [2025-01-30 10:55:44] mycols
INFO [2025-01-30 10:55:44] 
INFO [2025-01-30 10:55:44] $cat.cex
INFO [2025-01-30 10:55:44] [1] 1.5
INFO [2025-01-30 10:55:44] 
INFO [2025-01-30 10:55:44] $cat.fontface
INFO [2025-01-30 10:55:44] [1] "bold"
INFO [2025-01-30 10:55:44] 
INFO [2025-01-30 10:55:44] $cex
INFO [2025-01-30 10:55:44] [1] 1.5
INFO [2025-01-30 10:55:44] 
INFO [2025-01-30 10:55:44] $fontface
INFO [2025-01-30 10:55:44] [1] "bold"
INFO [2025-01-30 10:55:44] 
INFO [2025-01-30 10:55:44] $lwd
INFO [2025-01-30 10:55:44] [1] 2
INFO [2025-01-30 10:55:44] 
INFO [2025-01-30 10:55:44] $main
INFO [2025-01-30 10:55:44] [1] "Venn Diagram of ASVs"
INFO [2025-01-30 10:55:44] 
INFO [2025-01-30 10:55:44] $main.cex
INFO [2025-01-30 10:55:44] [1] 2
INFO [2025-01-30 10:55:44] 
INFO [2025-01-30 10:55:44] $filename
INFO [2025-01-30 10:55:44] NULL
INFO [2025-01-30 10:55:44] 
